2024-07-29
--------------------------------------------------------
Cedula del cliente: 237819222.
Nombre del cliente: Prueba uno.
Estado de prioridad: Cliente no prioritario.
Hora de inicio de transacción: 15:22:30 (hora militar).
Hora de finalización de transacci´ón: 15:27:30 (hora militar)
Tipo de solicitud: Actualización de libretas (código de operación: A).
--------------------------------------------------------
Cedula del cliente: 237819222.
Nombre del cliente: Prueba uno.
Estado de prioridad: Cliente no prioritario.
Hora de inicio de transacción: 15:17:30 (hora militar).
Hora de finalización de transacci´ón: 15:22:30 (hora militar)
Tipo de solicitud: Actualización de libretas (código de operación: A).
--------------------------------------------------------
Cedula del cliente: 237819222.
Nombre del cliente: Prueba uno.
Estado de prioridad: Cliente no prioritario.
Hora de inicio de transacción: 15:12:30 (hora militar).
Hora de finalización de transacci´ón: 15:17:30 (hora militar)
Tipo de solicitud: Actualización de libretas (código de operación: A).
--------------------------------------------------------
Cedula del cliente: 237819222.
Nombre del cliente: Prueba uno.
Estado de prioridad: Cliente no prioritario.
Hora de inicio de transacción: 15:07:30 (hora militar).
Hora de finalización de transacci´ón: 15:12:30 (hora militar)
Tipo de solicitud: Actualización de libretas (código de operación: A).
--------------------------------------------------------
Cedula del cliente: 237819222.
Nombre del cliente: Prueba uno.
Estado de prioridad: Cliente no prioritario.
Hora de inicio de transacción: 15:02:30 (hora militar).
Hora de finalización de transacci´ón: 15:07:30 (hora militar)
Tipo de solicitud: Actualización de libretas (código de operación: A).
--------------------------------------------------------
Cedula del cliente: 237819222.
Nombre del cliente: Prueba uno.
Estado de prioridad: Cliente no prioritario.
Hora de inicio de transacción: 14:57:30 (hora militar).
Hora de finalización de transacci´ón: 15:02:30 (hora militar)
Tipo de solicitud: Actualización de libretas (código de operación: A).
--------------------------------------------------------
Cedula del cliente: 237819222.
Nombre del cliente: Prueba uno.
Estado de prioridad: Cliente no prioritario.
Hora de inicio de transacción: 14:52:30 (hora militar).
Hora de finalización de transacci´ón: 14:57:30 (hora militar)
Tipo de solicitud: Actualización de libretas (código de operación: A).
--------------------------------------------------------
Cedula del cliente: 237819222.
Nombre del cliente: Prueba uno.
Estado de prioridad: Cliente no prioritario.
Hora de inicio de transacción: 14:47:30 (hora militar).
Hora de finalización de transacci´ón: 14:52:30 (hora militar)
Tipo de solicitud: Actualización de libretas (código de operación: A).
--------------------------------------------------------
Cedula del cliente: 237819222.
Nombre del cliente: Prueba uno.
Estado de prioridad: Cliente no prioritario.
Hora de inicio de transacción: 14:42:30 (hora militar).
Hora de finalización de transacci´ón: 14:47:30 (hora militar)
Tipo de solicitud: Actualización de libretas (código de operación: A).
--------------------------------------------------------
Cedula del cliente: 237819222.
Nombre del cliente: Prueba uno.
Estado de prioridad: Cliente no prioritario.
Hora de inicio de transacción: 14:37:30 (hora militar).
Hora de finalización de transacci´ón: 14:42:30 (hora militar)
Tipo de solicitud: Actualización de libretas (código de operación: A).
--------------------------------------------------------
Cedula del cliente: 237819222.
Nombre del cliente: Prueba uno.
Estado de prioridad: Cliente no prioritario.
Hora de inicio de transacción: 14:32:30 (hora militar).
Hora de finalización de transacci´ón: 14:37:30 (hora militar)
Tipo de solicitud: Actualización de libretas (código de operación: A).
--------------------------------------------------------
Cedula del cliente: 15293827.
Nombre del cliente: Sonic Erizo.
Estado de prioridad: Cliente no prioritario.
Hora de inicio de transacción: 14:29:30 (hora militar).
Hora de finalización de transacci´ón: 14:32:30 (hora militar)
Tipo de solicitud: Depósito (código de operación: D).
--------------------------------------------------------
Cedula del cliente: 15293827.
Nombre del cliente: Sonic Erizo.
Estado de prioridad: Cliente no prioritario.
Hora de inicio de transacción: 14:25:30 (hora militar).
Hora de finalización de transacci´ón: 14:29:30 (hora militar)
Tipo de solicitud: Retiro (código de operación: R).
--------------------------------------------------------
Cedula del cliente: 15293827.
Nombre del cliente: Sonic Erizo.
Estado de prioridad: Cliente no prioritario.
Hora de inicio de transacción: 14:24:00 (hora militar).
Hora de finalización de transacci´ón: 14:25:30 (hora militar)
Tipo de solicitud: Consulta de movimientos (código de operación: C).
--------------------------------------------------------
Cedula del cliente: 273820111.
Nombre del cliente: Trevor Phillips.
Estado de prioridad: Cliente no prioritario.
Hora de inicio de transacción: 14:20:00 (hora militar).
Hora de finalización de transacci´ón: 14:24:00 (hora militar)
Tipo de solicitud: Retiro (código de operación: R).
--------------------------------------------------------
Cedula del cliente: 273820111.
Nombre del cliente: Trevor Phillips.
Estado de prioridad: Cliente no prioritario.
Hora de inicio de transacción: 14:18:30 (hora militar).
Hora de finalización de transacci´ón: 14:20:00 (hora militar)
Tipo de solicitud: Consulta de movimientos (código de operación: C).
--------------------------------------------------------
Cedula del cliente: 273820111.
Nombre del cliente: Trevor Phillips.
Estado de prioridad: Cliente no prioritario.
Hora de inicio de transacción: 14:16:30 (hora militar).
Hora de finalización de transacci´ón: 14:18:30 (hora militar)
Tipo de solicitud: Pago de servicios (código de operación: P).
--------------------------------------------------------
Cedula del cliente: 19034992.
Nombre del cliente: Gojo Saturo.
Estado de prioridad: Cliente no prioritario.
Hora de inicio de transacción: 14:13:30 (hora militar).
Hora de finalización de transacci´ón: 14:16:30 (hora militar)
Tipo de solicitud: Depósito (código de operación: D).
--------------------------------------------------------
Cedula del cliente: 19034992.
Nombre del cliente: Gojo Saturo.
Estado de prioridad: Cliente no prioritario.
Hora de inicio de transacción: 14:08:30 (hora militar).
Hora de finalización de transacci´ón: 14:13:30 (hora militar)
Tipo de solicitud: Actualización de libretas (código de operación: A).
--------------------------------------------------------
Cedula del cliente: 16382199.
Nombre del cliente: Billy Kid.
Estado de prioridad: Cliente no prioritario.
Hora de inicio de transacción: 14:03:30 (hora militar).
Hora de finalización de transacci´ón: 14:08:30 (hora militar)
Tipo de solicitud: Actualización de libretas (código de operación: A).
--------------------------------------------------------
Cedula del cliente: 16382199.
Nombre del cliente: Billy Kid.
Estado de prioridad: Cliente no prioritario.
Hora de inicio de transacción: 14:00:30 (hora militar).
Hora de finalización de transacci´ón: 14:03:30 (hora militar)
Tipo de solicitud: Depósito (código de operación: D).
--------------------------------------------------------
Cedula del cliente: 16382199.
Nombre del cliente: Billy Kid.
Estado de prioridad: Cliente no prioritario.
Hora de inicio de transacción: 13:58:30 (hora militar).
Hora de finalización de transacci´ón: 14:00:30 (hora militar)
Tipo de solicitud: Pago de servicios (código de operación: P).
--------------------------------------------------------
Cedula del cliente: 3847271.
Nombre del cliente: Clark Kent.
Estado de prioridad: Cliente no prioritario.
Hora de inicio de transacción: 13:56:30 (hora militar).
Hora de finalización de transacci´ón: 13:58:30 (hora militar)
Tipo de solicitud: Pago de servicios (código de operación: P).
--------------------------------------------------------
Cedula del cliente: 9382839.
Nombre del cliente: Bruno Diaz.
Estado de prioridad: Cliente no prioritario.
Hora de inicio de transacción: 13:54:30 (hora militar).
Hora de finalización de transacci´ón: 13:56:30 (hora militar)
Tipo de solicitud: Pago de servicios (código de operación: P).
--------------------------------------------------------
Cedula del cliente: 3289427.
Nombre del cliente: Leonardo Messi.
Estado de prioridad: Cliente no prioritario.
Hora de inicio de transacción: 13:52:30 (hora militar).
Hora de finalización de transacci´ón: 13:54:30 (hora militar)
Tipo de solicitud: Pago de servicios (código de operación: P).
--------------------------------------------------------
Cedula del cliente: 21948712938.
Nombre del cliente: Cristiano Ronaldo.
Estado de prioridad: Cliente no prioritario.
Hora de inicio de transacción: 13:48:30 (hora militar).
Hora de finalización de transacci´ón: 13:52:30 (hora militar)
Tipo de solicitud: Retiro (código de operación: R).
--------------------------------------------------------
Cedula del cliente: 21948712938.
Nombre del cliente: Cristiano Ronaldo.
Estado de prioridad: Cliente no prioritario.
Hora de inicio de transacción: 13:43:30 (hora militar).
Hora de finalización de transacci´ón: 13:48:30 (hora militar)
Tipo de solicitud: Actualización de libretas (código de operación: A).
--------------------------------------------------------
Cedula del cliente: 237819222.
Nombre del cliente: Prueba uno.
Estado de prioridad: Cliente no prioritario.
Hora de inicio de transacción: 13:38:30 (hora militar).
Hora de finalización de transacci´ón: 13:43:30 (hora militar)
Tipo de solicitud: Actualización de libretas (código de operación: A).
--------------------------------------------------------
Cedula del cliente: 237819222.
Nombre del cliente: Prueba uno.
Estado de prioridad: Cliente no prioritario.
Hora de inicio de transacción: 13:33:30 (hora militar).
Hora de finalización de transacci´ón: 13:38:30 (hora militar)
Tipo de solicitud: Actualización de libretas (código de operación: A).
--------------------------------------------------------
Cedula del cliente: 237819222.
Nombre del cliente: Prueba uno.
Estado de prioridad: Cliente no prioritario.
Hora de inicio de transacción: 13:28:30 (hora militar).
Hora de finalización de transacci´ón: 13:33:30 (hora militar)
Tipo de solicitud: Actualización de libretas (código de operación: A).
--------------------------------------------------------
Cedula del cliente: 237819222.
Nombre del cliente: Prueba uno.
Estado de prioridad: Cliente no prioritario.
Hora de inicio de transacción: 13:23:30 (hora militar).
Hora de finalización de transacci´ón: 13:28:30 (hora militar)
Tipo de solicitud: Actualización de libretas (código de operación: A).
--------------------------------------------------------
Cedula del cliente: 237819222.
Nombre del cliente: Prueba uno.
Estado de prioridad: Cliente no prioritario.
Hora de inicio de transacción: 13:18:30 (hora militar).
Hora de finalización de transacci´ón: 13:23:30 (hora militar)
Tipo de solicitud: Actualización de libretas (código de operación: A).
--------------------------------------------------------
Cedula del cliente: 029438112.
Nombre del cliente: Phoenix Wrigth.
Estado de prioridad: Ciente prioritario.
Prioridad por: Discapacitado/Problemas prioritarios
Hora de inicio de transacción: 13:15:30 (hora militar).
Hora de finalización de transacci´ón: 13:18:30 (hora militar)
Tipo de solicitud: Depósito (código de operación: D).
--------------------------------------------------------
Cedula del cliente: 029438112.
Nombre del cliente: Phoenix Wrigth.
Estado de prioridad: Ciente prioritario.
Prioridad por: Discapacitado/Problemas prioritarios
Hora de inicio de transacción: 13:14:00 (hora militar).
Hora de finalización de transacci´ón: 13:15:30 (hora militar)
Tipo de solicitud: Consulta de movimientos (código de operación: C).
--------------------------------------------------------
Cedula del cliente: 237819222.
Nombre del cliente: Prueba uno.
Estado de prioridad: Cliente no prioritario.
Hora de inicio de transacción: 13:09:00 (hora militar).
Hora de finalización de transacci´ón: 13:14:00 (hora militar)
Tipo de solicitud: Actualización de libretas (código de operación: A).
--------------------------------------------------------
Cedula del cliente: 237819222.
Nombre del cliente: Prueba uno.
Estado de prioridad: Cliente no prioritario.
Hora de inicio de transacción: 13:04:00 (hora militar).
Hora de finalización de transacci´ón: 13:09:00 (hora militar)
Tipo de solicitud: Actualización de libretas (código de operación: A).
--------------------------------------------------------
Cedula del cliente: 237819222.
Nombre del cliente: Prueba uno.
Estado de prioridad: Cliente no prioritario.
Hora de inicio de transacción: 12:59:00 (hora militar).
Hora de finalización de transacci´ón: 13:04:00 (hora militar)
Tipo de solicitud: Actualización de libretas (código de operación: A).
--------------------------------------------------------
Cedula del cliente: 237819222.
Nombre del cliente: Prueba uno.
Estado de prioridad: Cliente no prioritario.
Hora de inicio de transacción: 12:54:00 (hora militar).
Hora de finalización de transacci´ón: 12:59:00 (hora militar)
Tipo de solicitud: Actualización de libretas (código de operación: A).
--------------------------------------------------------
Cedula del cliente: 237819222.
Nombre del cliente: Prueba uno.
Estado de prioridad: Cliente no prioritario.
Hora de inicio de transacción: 12:49:00 (hora militar).
Hora de finalización de transacci´ón: 12:54:00 (hora militar)
Tipo de solicitud: Actualización de libretas (código de operación: A).
--------------------------------------------------------
Cedula del cliente: 237819222.
Nombre del cliente: Prueba uno.
Estado de prioridad: Cliente no prioritario.
Hora de inicio de transacción: 12:44:00 (hora militar).
Hora de finalización de transacci´ón: 12:49:00 (hora militar)
Tipo de solicitud: Actualización de libretas (código de operación: A).
--------------------------------------------------------
Cedula del cliente: 237819222.
Nombre del cliente: Prueba uno.
Estado de prioridad: Cliente no prioritario.
Hora de inicio de transacción: 12:39:00 (hora militar).
Hora de finalización de transacci´ón: 12:44:00 (hora militar)
Tipo de solicitud: Actualización de libretas (código de operación: A).
--------------------------------------------------------
Cedula del cliente: 237819222.
Nombre del cliente: Prueba uno.
Estado de prioridad: Cliente no prioritario.
Hora de inicio de transacción: 12:34:00 (hora militar).
Hora de finalización de transacci´ón: 12:39:00 (hora militar)
Tipo de solicitud: Actualización de libretas (código de operación: A).
--------------------------------------------------------
Cedula del cliente: 237819222.
Nombre del cliente: Prueba uno.
Estado de prioridad: Cliente no prioritario.
Hora de inicio de transacción: 12:29:00 (hora militar).
Hora de finalización de transacci´ón: 12:34:00 (hora militar)
Tipo de solicitud: Actualización de libretas (código de operación: A).
--------------------------------------------------------
Cedula del cliente: 237819222.
Nombre del cliente: Prueba uno.
Estado de prioridad: Cliente no prioritario.
Hora de inicio de transacción: 12:24:00 (hora militar).
Hora de finalización de transacci´ón: 12:29:00 (hora militar)
Tipo de solicitud: Actualización de libretas (código de operación: A).
--------------------------------------------------------
Cedula del cliente: 237819222.
Nombre del cliente: Prueba uno.
Estado de prioridad: Cliente no prioritario.
Hora de inicio de transacción: 12:19:00 (hora militar).
Hora de finalización de transacci´ón: 12:24:00 (hora militar)
Tipo de solicitud: Actualización de libretas (código de operación: A).
--------------------------------------------------------
Cedula del cliente: 237819222.
Nombre del cliente: Prueba uno.
Estado de prioridad: Cliente no prioritario.
Hora de inicio de transacción: 12:14:00 (hora militar).
Hora de finalización de transacci´ón: 12:19:00 (hora militar)
Tipo de solicitud: Actualización de libretas (código de operación: A).
--------------------------------------------------------
Cedula del cliente: 237819222.
Nombre del cliente: Prueba uno.
Estado de prioridad: Cliente no prioritario.
Hora de inicio de transacción: 12:09:00 (hora militar).
Hora de finalización de transacci´ón: 12:14:00 (hora militar)
Tipo de solicitud: Actualización de libretas (código de operación: A).
--------------------------------------------------------
Cedula del cliente: 237819222.
Nombre del cliente: Prueba uno.
Estado de prioridad: Cliente no prioritario.
Hora de inicio de transacción: 12:04:00 (hora militar).
Hora de finalización de transacci´ón: 12:09:00 (hora militar)
Tipo de solicitud: Actualización de libretas (código de operación: A).
--------------------------------------------------------
Cedula del cliente: 237819222.
Nombre del cliente: Prueba uno.
Estado de prioridad: Cliente no prioritario.
Hora de inicio de transacción: 11:59:00 (hora militar).
Hora de finalización de transacci´ón: 12:04:00 (hora militar)
Tipo de solicitud: Actualización de libretas (código de operación: A).
--------------------------------------------------------
Cedula del cliente: 237819222.
Nombre del cliente: Prueba uno.
Estado de prioridad: Cliente no prioritario.
Hora de inicio de transacción: 11:54:00 (hora militar).
Hora de finalización de transacci´ón: 11:59:00 (hora militar)
Tipo de solicitud: Actualización de libretas (código de operación: A).
--------------------------------------------------------
Cedula del cliente: 237819222.
Nombre del cliente: Prueba uno.
Estado de prioridad: Cliente no prioritario.
Hora de inicio de transacción: 11:49:00 (hora militar).
Hora de finalización de transacci´ón: 11:54:00 (hora militar)
Tipo de solicitud: Actualización de libretas (código de operación: A).
--------------------------------------------------------
Cedula del cliente: 237819222.
Nombre del cliente: Prueba uno.
Estado de prioridad: Cliente no prioritario.
Hora de inicio de transacción: 11:44:00 (hora militar).
Hora de finalización de transacci´ón: 11:49:00 (hora militar)
Tipo de solicitud: Actualización de libretas (código de operación: A).
--------------------------------------------------------
Cedula del cliente: 237819222.
Nombre del cliente: Prueba uno.
Estado de prioridad: Cliente no prioritario.
Hora de inicio de transacción: 11:39:00 (hora militar).
Hora de finalización de transacci´ón: 11:44:00 (hora militar)
Tipo de solicitud: Actualización de libretas (código de operación: A).
--------------------------------------------------------
Cedula del cliente: 237819222.
Nombre del cliente: Prueba uno.
Estado de prioridad: Cliente no prioritario.
Hora de inicio de transacción: 11:34:00 (hora militar).
Hora de finalización de transacci´ón: 11:39:00 (hora militar)
Tipo de solicitud: Actualización de libretas (código de operación: A).
--------------------------------------------------------
Cedula del cliente: 84732199.
Nombre del cliente: Luke Skywalker.
Estado de prioridad: Ciente prioritario.
Prioridad por: Tercera edad
Hora de inicio de transacción: 11:32:00 (hora militar).
Hora de finalización de transacci´ón: 11:34:00 (hora militar)
Tipo de solicitud: Pago de servicios (código de operación: P).
--------------------------------------------------------
Cedula del cliente: 84732199.
Nombre del cliente: Luke Skywalker.
Estado de prioridad: Ciente prioritario.
Prioridad por: Tercera edad
Hora de inicio de transacción: 11:29:00 (hora militar).
Hora de finalización de transacci´ón: 11:32:00 (hora militar)
Tipo de solicitud: Depósito (código de operación: D).
--------------------------------------------------------
Cedula del cliente: 237819222.
Nombre del cliente: Prueba uno.
Estado de prioridad: Cliente no prioritario.
Hora de inicio de transacción: 11:24:00 (hora militar).
Hora de finalización de transacci´ón: 11:29:00 (hora militar)
Tipo de solicitud: Actualización de libretas (código de operación: A).
--------------------------------------------------------
Cedula del cliente: 237819222.
Nombre del cliente: Prueba uno.
Estado de prioridad: Cliente no prioritario.
Hora de inicio de transacción: 11:19:00 (hora militar).
Hora de finalización de transacci´ón: 11:24:00 (hora militar)
Tipo de solicitud: Actualización de libretas (código de operación: A).
--------------------------------------------------------
Cedula del cliente: 237819222.
Nombre del cliente: Prueba uno.
Estado de prioridad: Cliente no prioritario.
Hora de inicio de transacción: 11:14:00 (hora militar).
Hora de finalización de transacci´ón: 11:19:00 (hora militar)
Tipo de solicitud: Actualización de libretas (código de operación: A).
--------------------------------------------------------
Cedula del cliente: 237819222.
Nombre del cliente: Prueba uno.
Estado de prioridad: Cliente no prioritario.
Hora de inicio de transacción: 11:09:00 (hora militar).
Hora de finalización de transacci´ón: 11:14:00 (hora militar)
Tipo de solicitud: Actualización de libretas (código de operación: A).
--------------------------------------------------------
Cedula del cliente: 237819222.
Nombre del cliente: Prueba uno.
Estado de prioridad: Cliente no prioritario.
Hora de inicio de transacción: 11:04:00 (hora militar).
Hora de finalización de transacci´ón: 11:09:00 (hora militar)
Tipo de solicitud: Actualización de libretas (código de operación: A).
--------------------------------------------------------
Cedula del cliente: 237819222.
Nombre del cliente: Prueba uno.
Estado de prioridad: Cliente no prioritario.
Hora de inicio de transacción: 10:59:00 (hora militar).
Hora de finalización de transacci´ón: 11:04:00 (hora militar)
Tipo de solicitud: Actualización de libretas (código de operación: A).
--------------------------------------------------------
Cedula del cliente: 237819222.
Nombre del cliente: Prueba uno.
Estado de prioridad: Cliente no prioritario.
Hora de inicio de transacción: 10:54:00 (hora militar).
Hora de finalización de transacci´ón: 10:59:00 (hora militar)
Tipo de solicitud: Actualización de libretas (código de operación: A).
--------------------------------------------------------
Cedula del cliente: 237819222.
Nombre del cliente: Prueba uno.
Estado de prioridad: Cliente no prioritario.
Hora de inicio de transacción: 10:49:00 (hora militar).
Hora de finalización de transacci´ón: 10:54:00 (hora militar)
Tipo de solicitud: Actualización de libretas (código de operación: A).
--------------------------------------------------------
Cedula del cliente: 237819222.
Nombre del cliente: Prueba uno.
Estado de prioridad: Cliente no prioritario.
Hora de inicio de transacción: 10:44:00 (hora militar).
Hora de finalización de transacci´ón: 10:49:00 (hora militar)
Tipo de solicitud: Actualización de libretas (código de operación: A).
--------------------------------------------------------
Cedula del cliente: 237819222.
Nombre del cliente: Prueba uno.
Estado de prioridad: Cliente no prioritario.
Hora de inicio de transacción: 10:39:00 (hora militar).
Hora de finalización de transacci´ón: 10:44:00 (hora militar)
Tipo de solicitud: Actualización de libretas (código de operación: A).
--------------------------------------------------------
Cedula del cliente: 237819222.
Nombre del cliente: Prueba uno.
Estado de prioridad: Cliente no prioritario.
Hora de inicio de transacción: 10:34:00 (hora militar).
Hora de finalización de transacci´ón: 10:39:00 (hora militar)
Tipo de solicitud: Actualización de libretas (código de operación: A).
--------------------------------------------------------
Cedula del cliente: 237819222.
Nombre del cliente: Prueba uno.
Estado de prioridad: Cliente no prioritario.
Hora de inicio de transacción: 10:29:00 (hora militar).
Hora de finalización de transacci´ón: 10:34:00 (hora militar)
Tipo de solicitud: Actualización de libretas (código de operación: A).
--------------------------------------------------------
Cedula del cliente: 237819222.
Nombre del cliente: Prueba uno.
Estado de prioridad: Cliente no prioritario.
Hora de inicio de transacción: 10:24:00 (hora militar).
Hora de finalización de transacci´ón: 10:29:00 (hora militar)
Tipo de solicitud: Actualización de libretas (código de operación: A).
--------------------------------------------------------
Cedula del cliente: 237819222.
Nombre del cliente: Prueba uno.
Estado de prioridad: Cliente no prioritario.
Hora de inicio de transacción: 10:19:00 (hora militar).
Hora de finalización de transacci´ón: 10:24:00 (hora militar)
Tipo de solicitud: Actualización de libretas (código de operación: A).
--------------------------------------------------------
Cedula del cliente: 237819222.
Nombre del cliente: Prueba uno.
Estado de prioridad: Cliente no prioritario.
Hora de inicio de transacción: 10:14:00 (hora militar).
Hora de finalización de transacci´ón: 10:19:00 (hora militar)
Tipo de solicitud: Actualización de libretas (código de operación: A).
--------------------------------------------------------
Cedula del cliente: 237819222.
Nombre del cliente: Prueba uno.
Estado de prioridad: Cliente no prioritario.
Hora de inicio de transacción: 10:09:00 (hora militar).
Hora de finalización de transacci´ón: 10:14:00 (hora militar)
Tipo de solicitud: Actualización de libretas (código de operación: A).
--------------------------------------------------------
Cedula del cliente: 237819222.
Nombre del cliente: Prueba uno.
Estado de prioridad: Cliente no prioritario.
Hora de inicio de transacción: 10:04:00 (hora militar).
Hora de finalización de transacci´ón: 10:09:00 (hora militar)
Tipo de solicitud: Actualización de libretas (código de operación: A).
--------------------------------------------------------
Cedula del cliente: 237819222.
Nombre del cliente: Prueba uno.
Estado de prioridad: Cliente no prioritario.
Hora de inicio de transacción: 9:59:00 (hora militar).
Hora de finalización de transacci´ón: 10:04:00 (hora militar)
Tipo de solicitud: Actualización de libretas (código de operación: A).
--------------------------------------------------------
Cedula del cliente: 237819222.
Nombre del cliente: Prueba uno.
Estado de prioridad: Cliente no prioritario.
Hora de inicio de transacción: 9:54:00 (hora militar).
Hora de finalización de transacci´ón: 9:59:00 (hora militar)
Tipo de solicitud: Actualización de libretas (código de operación: A).
--------------------------------------------------------
Cedula del cliente: 237819222.
Nombre del cliente: Prueba uno.
Estado de prioridad: Cliente no prioritario.
Hora de inicio de transacción: 9:49:00 (hora militar).
Hora de finalización de transacci´ón: 9:54:00 (hora militar)
Tipo de solicitud: Actualización de libretas (código de operación: A).
--------------------------------------------------------
Cedula del cliente: 27361555.
Nombre del cliente: E Gadd.
Estado de prioridad: Ciente prioritario.
Prioridad por: Tercera edad
Hora de inicio de transacción: 9:46:00 (hora militar).
Hora de finalización de transacci´ón: 9:49:00 (hora militar)
Tipo de solicitud: Depósito (código de operación: D).
--------------------------------------------------------
Cedula del cliente: 27361555.
Nombre del cliente: E Gadd.
Estado de prioridad: Ciente prioritario.
Prioridad por: Tercera edad
Hora de inicio de transacción: 9:44:00 (hora militar).
Hora de finalización de transacci´ón: 9:46:00 (hora militar)
Tipo de solicitud: Pago de servicios (código de operación: P).
--------------------------------------------------------
Cedula del cliente: 27361555.
Nombre del cliente: E Gadd.
Estado de prioridad: Ciente prioritario.
Prioridad por: Tercera edad
Hora de inicio de transacción: 9:40:00 (hora militar).
Hora de finalización de transacci´ón: 9:44:00 (hora militar)
Tipo de solicitud: Retiro (código de operación: R).
--------------------------------------------------------
Cedula del cliente: 237819222.
Nombre del cliente: Prueba uno.
Estado de prioridad: Cliente no prioritario.
Hora de inicio de transacción: 9:35:00 (hora militar).
Hora de finalización de transacci´ón: 9:40:00 (hora militar)
Tipo de solicitud: Actualización de libretas (código de operación: A).
--------------------------------------------------------
Cedula del cliente: 237819222.
Nombre del cliente: Prueba uno.
Estado de prioridad: Cliente no prioritario.
Hora de inicio de transacción: 9:30:00 (hora militar).
Hora de finalización de transacci´ón: 9:35:00 (hora militar)
Tipo de solicitud: Actualización de libretas (código de operación: A).
--------------------------------------------------------
Cedula del cliente: 237819222.
Nombre del cliente: Prueba uno.
Estado de prioridad: Cliente no prioritario.
Hora de inicio de transacción: 9:25:00 (hora militar).
Hora de finalización de transacci´ón: 9:30:00 (hora militar)
Tipo de solicitud: Actualización de libretas (código de operación: A).
--------------------------------------------------------
Cedula del cliente: 237819222.
Nombre del cliente: Prueba uno.
Estado de prioridad: Cliente no prioritario.
Hora de inicio de transacción: 9:20:00 (hora militar).
Hora de finalización de transacci´ón: 9:25:00 (hora militar)
Tipo de solicitud: Actualización de libretas (código de operación: A).
--------------------------------------------------------
Cedula del cliente: 237819222.
Nombre del cliente: Prueba uno.
Estado de prioridad: Cliente no prioritario.
Hora de inicio de transacción: 9:15:00 (hora militar).
Hora de finalización de transacci´ón: 9:20:00 (hora militar)
Tipo de solicitud: Actualización de libretas (código de operación: A).
--------------------------------------------------------
Cedula del cliente: 237819222.
Nombre del cliente: Prueba uno.
Estado de prioridad: Cliente no prioritario.
Hora de inicio de transacción: 9:10:00 (hora militar).
Hora de finalización de transacci´ón: 9:15:00 (hora militar)
Tipo de solicitud: Actualización de libretas (código de operación: A).
--------------------------------------------------------
Cedula del cliente: 237819222.
Nombre del cliente: Prueba uno.
Estado de prioridad: Cliente no prioritario.
Hora de inicio de transacción: 9:05:00 (hora militar).
Hora de finalización de transacci´ón: 9:10:00 (hora militar)
Tipo de solicitud: Actualización de libretas (código de operación: A).
--------------------------------------------------------
Cedula del cliente: 237819222.
Nombre del cliente: Prueba uno.
Estado de prioridad: Cliente no prioritario.
Hora de inicio de transacción: 9:00:00 (hora militar).
Hora de finalización de transacci´ón: 9:05:00 (hora militar)
Tipo de solicitud: Actualización de libretas (código de operación: A).
--------------------------------------------------------
Cedula del cliente: 237819222.
Nombre del cliente: Prueba uno.
Estado de prioridad: Cliente no prioritario.
Hora de inicio de transacción: 8:55:00 (hora militar).
Hora de finalización de transacci´ón: 9:00:00 (hora militar)
Tipo de solicitud: Actualización de libretas (código de operación: A).
--------------------------------------------------------
Cedula del cliente: 237819222.
Nombre del cliente: Prueba uno.
Estado de prioridad: Cliente no prioritario.
Hora de inicio de transacción: 8:50:00 (hora militar).
Hora de finalización de transacci´ón: 8:55:00 (hora militar)
Tipo de solicitud: Actualización de libretas (código de operación: A).
--------------------------------------------------------
Cedula del cliente: 237819222.
Nombre del cliente: Prueba uno.
Estado de prioridad: Cliente no prioritario.
Hora de inicio de transacción: 8:45:00 (hora militar).
Hora de finalización de transacci´ón: 8:50:00 (hora militar)
Tipo de solicitud: Actualización de libretas (código de operación: A).
--------------------------------------------------------
Cedula del cliente: 237819222.
Nombre del cliente: Prueba uno.
Estado de prioridad: Cliente no prioritario.
Hora de inicio de transacción: 8:40:00 (hora militar).
Hora de finalización de transacci´ón: 8:45:00 (hora militar)
Tipo de solicitud: Actualización de libretas (código de operación: A).
--------------------------------------------------------
Cedula del cliente: 237819222.
Nombre del cliente: Prueba uno.
Estado de prioridad: Cliente no prioritario.
Hora de inicio de transacción: 8:35:00 (hora militar).
Hora de finalización de transacci´ón: 8:40:00 (hora militar)
Tipo de solicitud: Actualización de libretas (código de operación: A).
--------------------------------------------------------
Cedula del cliente: 237819222.
Nombre del cliente: Prueba uno.
Estado de prioridad: Cliente no prioritario.
Hora de inicio de transacción: 8:30:00 (hora militar).
Hora de finalización de transacci´ón: 8:35:00 (hora militar)
Tipo de solicitud: Actualización de libretas (código de operación: A).
--------------------------------------------------------
Cedula del cliente: 237819222.
Nombre del cliente: Prueba uno.
Estado de prioridad: Cliente no prioritario.
Hora de inicio de transacción: 8:25:00 (hora militar).
Hora de finalización de transacci´ón: 8:30:00 (hora militar)
Tipo de solicitud: Actualización de libretas (código de operación: A).
--------------------------------------------------------
Cedula del cliente: 237819222.
Nombre del cliente: Prueba uno.
Estado de prioridad: Cliente no prioritario.
Hora de inicio de transacción: 8:20:00 (hora militar).
Hora de finalización de transacci´ón: 8:25:00 (hora militar)
Tipo de solicitud: Actualización de libretas (código de operación: A).
--------------------------------------------------------
Cedula del cliente: 237819222.
Nombre del cliente: Prueba uno.
Estado de prioridad: Cliente no prioritario.
Hora de inicio de transacción: 8:15:00 (hora militar).
Hora de finalización de transacci´ón: 8:20:00 (hora militar)
Tipo de solicitud: Actualización de libretas (código de operación: A).
--------------------------------------------------------
Cedula del cliente: 237819222.
Nombre del cliente: Prueba uno.
Estado de prioridad: Cliente no prioritario.
Hora de inicio de transacción: 8:10:00 (hora militar).
Hora de finalización de transacci´ón: 8:15:00 (hora militar)
Tipo de solicitud: Actualización de libretas (código de operación: A).
--------------------------------------------------------
Cedula del cliente: 237819222.
Nombre del cliente: Prueba uno.
Estado de prioridad: Cliente no prioritario.
Hora de inicio de transacción: 8:05:00 (hora militar).
Hora de finalización de transacci´ón: 8:10:00 (hora militar)
Tipo de solicitud: Actualización de libretas (código de operación: A).
--------------------------------------------------------
Cedula del cliente: 237819222.
Nombre del cliente: Prueba uno.
Estado de prioridad: Cliente no prioritario.
Hora de inicio de transacción: 8:00:00 (hora militar).
Hora de finalización de transacci´ón: 8:05:00 (hora militar)
Tipo de solicitud: Actualización de libretas (código de operación: A).