2024-07-28
--------------------------------------------------------
Cedula del cliente: 237819222.
Nombre del cliente: Prueba uno.
Estado de prioridad: NO PRIORITARIO.
Hora de inicio de transacción: 15:22:30 (hora militar).
Hora de finalización: 15:27:30 (hora militar)
Tipo de solicitud: Actualización de libretas (código de operación: A).
--------------------------------------------------------
Cedula del cliente: 237819222.
Nombre del cliente: Prueba uno.
Estado de prioridad: NO PRIORITARIO.
Hora de inicio de transacción: 15:17:30 (hora militar).
Hora de finalización: 15:22:30 (hora militar)
Tipo de solicitud: Actualización de libretas (código de operación: A).
--------------------------------------------------------
Cedula del cliente: 237819222.
Nombre del cliente: Prueba uno.
Estado de prioridad: NO PRIORITARIO.
Hora de inicio de transacción: 15:12:30 (hora militar).
Hora de finalización: 15:17:30 (hora militar)
Tipo de solicitud: Actualización de libretas (código de operación: A).
--------------------------------------------------------
Cedula del cliente: 237819222.
Nombre del cliente: Prueba uno.
Estado de prioridad: NO PRIORITARIO.
Hora de inicio de transacción: 15:07:30 (hora militar).
Hora de finalización: 15:12:30 (hora militar)
Tipo de solicitud: Actualización de libretas (código de operación: A).
--------------------------------------------------------
Cedula del cliente: 237819222.
Nombre del cliente: Prueba uno.
Estado de prioridad: NO PRIORITARIO.
Hora de inicio de transacción: 15:02:30 (hora militar).
Hora de finalización: 15:07:30 (hora militar)
Tipo de solicitud: Actualización de libretas (código de operación: A).
--------------------------------------------------------
Cedula del cliente: 237819222.
Nombre del cliente: Prueba uno.
Estado de prioridad: NO PRIORITARIO.
Hora de inicio de transacción: 14:57:30 (hora militar).
Hora de finalización: 15:02:30 (hora militar)
Tipo de solicitud: Actualización de libretas (código de operación: A).
--------------------------------------------------------
Cedula del cliente: 237819222.
Nombre del cliente: Prueba uno.
Estado de prioridad: NO PRIORITARIO.
Hora de inicio de transacción: 14:52:30 (hora militar).
Hora de finalización: 14:57:30 (hora militar)
Tipo de solicitud: Actualización de libretas (código de operación: A).
--------------------------------------------------------
Cedula del cliente: 237819222.
Nombre del cliente: Prueba uno.
Estado de prioridad: NO PRIORITARIO.
Hora de inicio de transacción: 14:47:30 (hora militar).
Hora de finalización: 14:52:30 (hora militar)
Tipo de solicitud: Actualización de libretas (código de operación: A).
--------------------------------------------------------
Cedula del cliente: 237819222.
Nombre del cliente: Prueba uno.
Estado de prioridad: NO PRIORITARIO.
Hora de inicio de transacción: 14:42:30 (hora militar).
Hora de finalización: 14:47:30 (hora militar)
Tipo de solicitud: Actualización de libretas (código de operación: A).
--------------------------------------------------------
Cedula del cliente: 237819222.
Nombre del cliente: Prueba uno.
Estado de prioridad: NO PRIORITARIO.
Hora de inicio de transacción: 14:37:30 (hora militar).
Hora de finalización: 14:42:30 (hora militar)
Tipo de solicitud: Actualización de libretas (código de operación: A).
--------------------------------------------------------
Cedula del cliente: 237819222.
Nombre del cliente: Prueba uno.
Estado de prioridad: NO PRIORITARIO.
Hora de inicio de transacción: 14:32:30 (hora militar).
Hora de finalización: 14:37:30 (hora militar)
Tipo de solicitud: Actualización de libretas (código de operación: A).
--------------------------------------------------------
Cedula del cliente: 237819222.
Nombre del cliente: Prueba uno.
Estado de prioridad: NO PRIORITARIO.
Hora de inicio de transacción: 14:27:30 (hora militar).
Hora de finalización: 14:32:30 (hora militar)
Tipo de solicitud: Actualización de libretas (código de operación: A).
--------------------------------------------------------
Cedula del cliente: 237819222.
Nombre del cliente: Prueba uno.
Estado de prioridad: NO PRIORITARIO.
Hora de inicio de transacción: 14:22:30 (hora militar).
Hora de finalización: 14:27:30 (hora militar)
Tipo de solicitud: Actualización de libretas (código de operación: A).
--------------------------------------------------------
Cedula del cliente: 237819222.
Nombre del cliente: Prueba uno.
Estado de prioridad: NO PRIORITARIO.
Hora de inicio de transacción: 14:17:30 (hora militar).
Hora de finalización: 14:22:30 (hora militar)
Tipo de solicitud: Actualización de libretas (código de operación: A).
--------------------------------------------------------
Cedula del cliente: 237819222.
Nombre del cliente: Prueba uno.
Estado de prioridad: NO PRIORITARIO.
Hora de inicio de transacción: 14:12:30 (hora militar).
Hora de finalización: 14:17:30 (hora militar)
Tipo de solicitud: Actualización de libretas (código de operación: A).
--------------------------------------------------------
Cedula del cliente: 237819222.
Nombre del cliente: Prueba uno.
Estado de prioridad: NO PRIORITARIO.
Hora de inicio de transacción: 14:07:30 (hora militar).
Hora de finalización: 14:12:30 (hora militar)
Tipo de solicitud: Actualización de libretas (código de operación: A).
--------------------------------------------------------
Cedula del cliente: 237819222.
Nombre del cliente: Prueba uno.
Estado de prioridad: NO PRIORITARIO.
Hora de inicio de transacción: 14:02:30 (hora militar).
Hora de finalización: 14:07:30 (hora militar)
Tipo de solicitud: Actualización de libretas (código de operación: A).
--------------------------------------------------------
Cedula del cliente: 237819222.
Nombre del cliente: Prueba uno.
Estado de prioridad: NO PRIORITARIO.
Hora de inicio de transacción: 13:57:30 (hora militar).
Hora de finalización: 14:02:30 (hora militar)
Tipo de solicitud: Actualización de libretas (código de operación: A).
--------------------------------------------------------
Cedula del cliente: 237819222.
Nombre del cliente: Prueba uno.
Estado de prioridad: NO PRIORITARIO.
Hora de inicio de transacción: 13:52:30 (hora militar).
Hora de finalización: 13:57:30 (hora militar)
Tipo de solicitud: Actualización de libretas (código de operación: A).
--------------------------------------------------------
Cedula del cliente: 237819222.
Nombre del cliente: Prueba uno.
Estado de prioridad: NO PRIORITARIO.
Hora de inicio de transacción: 13:47:30 (hora militar).
Hora de finalización: 13:52:30 (hora militar)
Tipo de solicitud: Actualización de libretas (código de operación: A).
--------------------------------------------------------
Cedula del cliente: 237819222.
Nombre del cliente: Prueba uno.
Estado de prioridad: NO PRIORITARIO.
Hora de inicio de transacción: 13:42:30 (hora militar).
Hora de finalización: 13:47:30 (hora militar)
Tipo de solicitud: Actualización de libretas (código de operación: A).
--------------------------------------------------------
Cedula del cliente: 237819222.
Nombre del cliente: Prueba uno.
Estado de prioridad: NO PRIORITARIO.
Hora de inicio de transacción: 13:37:30 (hora militar).
Hora de finalización: 13:42:30 (hora militar)
Tipo de solicitud: Actualización de libretas (código de operación: A).
--------------------------------------------------------
Cedula del cliente: 237819222.
Nombre del cliente: Prueba uno.
Estado de prioridad: NO PRIORITARIO.
Hora de inicio de transacción: 13:32:30 (hora militar).
Hora de finalización: 13:37:30 (hora militar)
Tipo de solicitud: Actualización de libretas (código de operación: A).
--------------------------------------------------------
Cedula del cliente: 237819222.
Nombre del cliente: Prueba uno.
Estado de prioridad: NO PRIORITARIO.
Hora de inicio de transacción: 13:27:30 (hora militar).
Hora de finalización: 13:32:30 (hora militar)
Tipo de solicitud: Actualización de libretas (código de operación: A).
--------------------------------------------------------
Cedula del cliente: 237819222.
Nombre del cliente: Prueba uno.
Estado de prioridad: NO PRIORITARIO.
Hora de inicio de transacción: 13:22:30 (hora militar).
Hora de finalización: 13:27:30 (hora militar)
Tipo de solicitud: Actualización de libretas (código de operación: A).
--------------------------------------------------------
Cedula del cliente: 237819222.
Nombre del cliente: Prueba uno.
Estado de prioridad: NO PRIORITARIO.
Hora de inicio de transacción: 13:17:30 (hora militar).
Hora de finalización: 13:22:30 (hora militar)
Tipo de solicitud: Actualización de libretas (código de operación: A).
--------------------------------------------------------
Cedula del cliente: 237819222.
Nombre del cliente: Prueba uno.
Estado de prioridad: NO PRIORITARIO.
Hora de inicio de transacción: 13:12:30 (hora militar).
Hora de finalización: 13:17:30 (hora militar)
Tipo de solicitud: Actualización de libretas (código de operación: A).
--------------------------------------------------------
Cedula del cliente: 237819222.
Nombre del cliente: Prueba uno.
Estado de prioridad: NO PRIORITARIO.
Hora de inicio de transacción: 13:07:30 (hora militar).
Hora de finalización: 13:12:30 (hora militar)
Tipo de solicitud: Actualización de libretas (código de operación: A).
--------------------------------------------------------
Cedula del cliente: 237819222.
Nombre del cliente: Prueba uno.
Estado de prioridad: NO PRIORITARIO.
Hora de inicio de transacción: 13:02:30 (hora militar).
Hora de finalización: 13:07:30 (hora militar)
Tipo de solicitud: Actualización de libretas (código de operación: A).
--------------------------------------------------------
Cedula del cliente: 237819222.
Nombre del cliente: Prueba uno.
Estado de prioridad: NO PRIORITARIO.
Hora de inicio de transacción: 12:57:30 (hora militar).
Hora de finalización: 13:02:30 (hora militar)
Tipo de solicitud: Actualización de libretas (código de operación: A).
--------------------------------------------------------
Cedula del cliente: 15293827.
Nombre del cliente: Sonic Erizo.
Estado de prioridad: NO PRIORITARIO.
Hora de inicio de transacción: 12:54:30 (hora militar).
Hora de finalización: 12:57:30 (hora militar)
Tipo de solicitud: Depósito (código de operación: D).
--------------------------------------------------------
Cedula del cliente: 15293827.
Nombre del cliente: Sonic Erizo.
Estado de prioridad: NO PRIORITARIO.
Hora de inicio de transacción: 12:50:30 (hora militar).
Hora de finalización: 12:54:30 (hora militar)
Tipo de solicitud: Retiro (código de operación: R).
--------------------------------------------------------
Cedula del cliente: 15293827.
Nombre del cliente: Sonic Erizo.
Estado de prioridad: NO PRIORITARIO.
Hora de inicio de transacción: 12:49:00 (hora militar).
Hora de finalización: 12:50:30 (hora militar)
Tipo de solicitud: Consulta de movimientos (código de operación: C).
--------------------------------------------------------
Cedula del cliente: 273820111.
Nombre del cliente: Trevor Phillips.
Estado de prioridad: NO PRIORITARIO.
Hora de inicio de transacción: 12:45:00 (hora militar).
Hora de finalización: 12:49:00 (hora militar)
Tipo de solicitud: Retiro (código de operación: R).
--------------------------------------------------------
Cedula del cliente: 273820111.
Nombre del cliente: Trevor Phillips.
Estado de prioridad: NO PRIORITARIO.
Hora de inicio de transacción: 12:43:30 (hora militar).
Hora de finalización: 12:45:00 (hora militar)
Tipo de solicitud: Consulta de movimientos (código de operación: C).
--------------------------------------------------------
Cedula del cliente: 273820111.
Nombre del cliente: Trevor Phillips.
Estado de prioridad: NO PRIORITARIO.
Hora de inicio de transacción: 12:41:30 (hora militar).
Hora de finalización: 12:43:30 (hora militar)
Tipo de solicitud: Pago de servicios (código de operación: P).
--------------------------------------------------------
Cedula del cliente: 19034992.
Nombre del cliente: Gojo Saturo.
Estado de prioridad: NO PRIORITARIO.
Hora de inicio de transacción: 12:38:30 (hora militar).
Hora de finalización: 12:41:30 (hora militar)
Tipo de solicitud: Depósito (código de operación: D).
--------------------------------------------------------
Cedula del cliente: 19034992.
Nombre del cliente: Gojo Saturo.
Estado de prioridad: NO PRIORITARIO.
Hora de inicio de transacción: 12:33:30 (hora militar).
Hora de finalización: 12:38:30 (hora militar)
Tipo de solicitud: Actualización de libretas (código de operación: A).
--------------------------------------------------------
Cedula del cliente: 16382199.
Nombre del cliente: Billy Kid.
Estado de prioridad: NO PRIORITARIO.
Hora de inicio de transacción: 12:28:30 (hora militar).
Hora de finalización: 12:33:30 (hora militar)
Tipo de solicitud: Actualización de libretas (código de operación: A).
--------------------------------------------------------
Cedula del cliente: 16382199.
Nombre del cliente: Billy Kid.
Estado de prioridad: NO PRIORITARIO.
Hora de inicio de transacción: 12:25:30 (hora militar).
Hora de finalización: 12:28:30 (hora militar)
Tipo de solicitud: Depósito (código de operación: D).
--------------------------------------------------------
Cedula del cliente: 16382199.
Nombre del cliente: Billy Kid.
Estado de prioridad: NO PRIORITARIO.
Hora de inicio de transacción: 12:23:30 (hora militar).
Hora de finalización: 12:25:30 (hora militar)
Tipo de solicitud: Pago de servicios (código de operación: P).
--------------------------------------------------------
Cedula del cliente: 3847271.
Nombre del cliente: Clark Kent.
Estado de prioridad: NO PRIORITARIO.
Hora de inicio de transacción: 12:21:30 (hora militar).
Hora de finalización: 12:23:30 (hora militar)
Tipo de solicitud: Pago de servicios (código de operación: P).
--------------------------------------------------------
Cedula del cliente: 9382839.
Nombre del cliente: Bruno Diaz.
Estado de prioridad: NO PRIORITARIO.
Hora de inicio de transacción: 12:19:30 (hora militar).
Hora de finalización: 12:21:30 (hora militar)
Tipo de solicitud: Pago de servicios (código de operación: P).
--------------------------------------------------------
Cedula del cliente: 029438112.
Nombre del cliente: Phoenix Wrigth.
Estado de prioridad: PRIORITARIO.
Razon de prioridad: Discapacitado/Problemas prioritarios
Hora de inicio de transacción: 12:16:30 (hora militar).
Hora de finalización: 12:19:30 (hora militar)
Tipo de solicitud: Depósito (código de operación: D).
--------------------------------------------------------
Cedula del cliente: 029438112.
Nombre del cliente: Phoenix Wrigth.
Estado de prioridad: PRIORITARIO.
Razon de prioridad: Discapacitado/Problemas prioritarios
Hora de inicio de transacción: 12:15:00 (hora militar).
Hora de finalización: 12:16:30 (hora militar)
Tipo de solicitud: Consulta de movimientos (código de operación: C).
--------------------------------------------------------
Cedula del cliente: 3289427.
Nombre del cliente: Leonardo Messi.
Estado de prioridad: NO PRIORITARIO.
Hora de inicio de transacción: 12:13:00 (hora militar).
Hora de finalización: 12:15:00 (hora militar)
Tipo de solicitud: Pago de servicios (código de operación: P).
--------------------------------------------------------
Cedula del cliente: 21948712938.
Nombre del cliente: Cristiano Ronaldo.
Estado de prioridad: NO PRIORITARIO.
Hora de inicio de transacción: 12:09:00 (hora militar).
Hora de finalización: 12:13:00 (hora militar)
Tipo de solicitud: Retiro (código de operación: R).
--------------------------------------------------------
Cedula del cliente: 21948712938.
Nombre del cliente: Cristiano Ronaldo.
Estado de prioridad: NO PRIORITARIO.
Hora de inicio de transacción: 12:04:00 (hora militar).
Hora de finalización: 12:09:00 (hora militar)
Tipo de solicitud: Actualización de libretas (código de operación: A).
--------------------------------------------------------
Cedula del cliente: 237819222.
Nombre del cliente: Prueba uno.
Estado de prioridad: NO PRIORITARIO.
Hora de inicio de transacción: 11:59:00 (hora militar).
Hora de finalización: 12:04:00 (hora militar)
Tipo de solicitud: Actualización de libretas (código de operación: A).
--------------------------------------------------------
Cedula del cliente: 237819222.
Nombre del cliente: Prueba uno.
Estado de prioridad: NO PRIORITARIO.
Hora de inicio de transacción: 11:54:00 (hora militar).
Hora de finalización: 11:59:00 (hora militar)
Tipo de solicitud: Actualización de libretas (código de operación: A).
--------------------------------------------------------
Cedula del cliente: 237819222.
Nombre del cliente: Prueba uno.
Estado de prioridad: NO PRIORITARIO.
Hora de inicio de transacción: 11:49:00 (hora militar).
Hora de finalización: 11:54:00 (hora militar)
Tipo de solicitud: Actualización de libretas (código de operación: A).
--------------------------------------------------------
Cedula del cliente: 237819222.
Nombre del cliente: Prueba uno.
Estado de prioridad: NO PRIORITARIO.
Hora de inicio de transacción: 11:44:00 (hora militar).
Hora de finalización: 11:49:00 (hora militar)
Tipo de solicitud: Actualización de libretas (código de operación: A).
--------------------------------------------------------
Cedula del cliente: 237819222.
Nombre del cliente: Prueba uno.
Estado de prioridad: NO PRIORITARIO.
Hora de inicio de transacción: 11:39:00 (hora militar).
Hora de finalización: 11:44:00 (hora militar)
Tipo de solicitud: Actualización de libretas (código de operación: A).
--------------------------------------------------------
Cedula del cliente: 237819222.
Nombre del cliente: Prueba uno.
Estado de prioridad: NO PRIORITARIO.
Hora de inicio de transacción: 11:34:00 (hora militar).
Hora de finalización: 11:39:00 (hora militar)
Tipo de solicitud: Actualización de libretas (código de operación: A).
--------------------------------------------------------
Cedula del cliente: 237819222.
Nombre del cliente: Prueba uno.
Estado de prioridad: NO PRIORITARIO.
Hora de inicio de transacción: 11:29:00 (hora militar).
Hora de finalización: 11:34:00 (hora militar)
Tipo de solicitud: Actualización de libretas (código de operación: A).
--------------------------------------------------------
Cedula del cliente: 237819222.
Nombre del cliente: Prueba uno.
Estado de prioridad: NO PRIORITARIO.
Hora de inicio de transacción: 11:24:00 (hora militar).
Hora de finalización: 11:29:00 (hora militar)
Tipo de solicitud: Actualización de libretas (código de operación: A).
--------------------------------------------------------
Cedula del cliente: 237819222.
Nombre del cliente: Prueba uno.
Estado de prioridad: NO PRIORITARIO.
Hora de inicio de transacción: 11:19:00 (hora militar).
Hora de finalización: 11:24:00 (hora militar)
Tipo de solicitud: Actualización de libretas (código de operación: A).
--------------------------------------------------------
Cedula del cliente: 237819222.
Nombre del cliente: Prueba uno.
Estado de prioridad: NO PRIORITARIO.
Hora de inicio de transacción: 11:14:00 (hora militar).
Hora de finalización: 11:19:00 (hora militar)
Tipo de solicitud: Actualización de libretas (código de operación: A).
--------------------------------------------------------
Cedula del cliente: 84732199.
Nombre del cliente: Luke Skywalker.
Estado de prioridad: PRIORITARIO.
Razon de prioridad: Tercera edad
Hora de inicio de transacción: 11:12:00 (hora militar).
Hora de finalización: 11:14:00 (hora militar)
Tipo de solicitud: Pago de servicios (código de operación: P).
--------------------------------------------------------
Cedula del cliente: 84732199.
Nombre del cliente: Luke Skywalker.
Estado de prioridad: PRIORITARIO.
Razon de prioridad: Tercera edad
Hora de inicio de transacción: 11:09:00 (hora militar).
Hora de finalización: 11:12:00 (hora militar)
Tipo de solicitud: Depósito (código de operación: D).
--------------------------------------------------------
Cedula del cliente: 237819222.
Nombre del cliente: Prueba uno.
Estado de prioridad: NO PRIORITARIO.
Hora de inicio de transacción: 11:04:00 (hora militar).
Hora de finalización: 11:09:00 (hora militar)
Tipo de solicitud: Actualización de libretas (código de operación: A).
--------------------------------------------------------
Cedula del cliente: 237819222.
Nombre del cliente: Prueba uno.
Estado de prioridad: NO PRIORITARIO.
Hora de inicio de transacción: 10:59:00 (hora militar).
Hora de finalización: 11:04:00 (hora militar)
Tipo de solicitud: Actualización de libretas (código de operación: A).
--------------------------------------------------------
Cedula del cliente: 237819222.
Nombre del cliente: Prueba uno.
Estado de prioridad: NO PRIORITARIO.
Hora de inicio de transacción: 10:54:00 (hora militar).
Hora de finalización: 10:59:00 (hora militar)
Tipo de solicitud: Actualización de libretas (código de operación: A).
--------------------------------------------------------
Cedula del cliente: 237819222.
Nombre del cliente: Prueba uno.
Estado de prioridad: NO PRIORITARIO.
Hora de inicio de transacción: 10:49:00 (hora militar).
Hora de finalización: 10:54:00 (hora militar)
Tipo de solicitud: Actualización de libretas (código de operación: A).
--------------------------------------------------------
Cedula del cliente: 237819222.
Nombre del cliente: Prueba uno.
Estado de prioridad: NO PRIORITARIO.
Hora de inicio de transacción: 10:44:00 (hora militar).
Hora de finalización: 10:49:00 (hora militar)
Tipo de solicitud: Actualización de libretas (código de operación: A).
--------------------------------------------------------
Cedula del cliente: 237819222.
Nombre del cliente: Prueba uno.
Estado de prioridad: NO PRIORITARIO.
Hora de inicio de transacción: 10:39:00 (hora militar).
Hora de finalización: 10:44:00 (hora militar)
Tipo de solicitud: Actualización de libretas (código de operación: A).
--------------------------------------------------------
Cedula del cliente: 237819222.
Nombre del cliente: Prueba uno.
Estado de prioridad: NO PRIORITARIO.
Hora de inicio de transacción: 10:34:00 (hora militar).
Hora de finalización: 10:39:00 (hora militar)
Tipo de solicitud: Actualización de libretas (código de operación: A).
--------------------------------------------------------
Cedula del cliente: 237819222.
Nombre del cliente: Prueba uno.
Estado de prioridad: NO PRIORITARIO.
Hora de inicio de transacción: 10:29:00 (hora militar).
Hora de finalización: 10:34:00 (hora militar)
Tipo de solicitud: Actualización de libretas (código de operación: A).
--------------------------------------------------------
Cedula del cliente: 237819222.
Nombre del cliente: Prueba uno.
Estado de prioridad: NO PRIORITARIO.
Hora de inicio de transacción: 10:24:00 (hora militar).
Hora de finalización: 10:29:00 (hora militar)
Tipo de solicitud: Actualización de libretas (código de operación: A).
--------------------------------------------------------
Cedula del cliente: 237819222.
Nombre del cliente: Prueba uno.
Estado de prioridad: NO PRIORITARIO.
Hora de inicio de transacción: 10:19:00 (hora militar).
Hora de finalización: 10:24:00 (hora militar)
Tipo de solicitud: Actualización de libretas (código de operación: A).
--------------------------------------------------------
Cedula del cliente: 237819222.
Nombre del cliente: Prueba uno.
Estado de prioridad: NO PRIORITARIO.
Hora de inicio de transacción: 10:14:00 (hora militar).
Hora de finalización: 10:19:00 (hora militar)
Tipo de solicitud: Actualización de libretas (código de operación: A).
--------------------------------------------------------
Cedula del cliente: 237819222.
Nombre del cliente: Prueba uno.
Estado de prioridad: NO PRIORITARIO.
Hora de inicio de transacción: 10:09:00 (hora militar).
Hora de finalización: 10:14:00 (hora militar)
Tipo de solicitud: Actualización de libretas (código de operación: A).
--------------------------------------------------------
Cedula del cliente: 237819222.
Nombre del cliente: Prueba uno.
Estado de prioridad: NO PRIORITARIO.
Hora de inicio de transacción: 10:04:00 (hora militar).
Hora de finalización: 10:09:00 (hora militar)
Tipo de solicitud: Actualización de libretas (código de operación: A).
--------------------------------------------------------
Cedula del cliente: 237819222.
Nombre del cliente: Prueba uno.
Estado de prioridad: NO PRIORITARIO.
Hora de inicio de transacción: 9:59:00 (hora militar).
Hora de finalización: 10:04:00 (hora militar)
Tipo de solicitud: Actualización de libretas (código de operación: A).
--------------------------------------------------------
Cedula del cliente: 237819222.
Nombre del cliente: Prueba uno.
Estado de prioridad: NO PRIORITARIO.
Hora de inicio de transacción: 9:54:00 (hora militar).
Hora de finalización: 9:59:00 (hora militar)
Tipo de solicitud: Actualización de libretas (código de operación: A).
--------------------------------------------------------
Cedula del cliente: 237819222.
Nombre del cliente: Prueba uno.
Estado de prioridad: NO PRIORITARIO.
Hora de inicio de transacción: 9:49:00 (hora militar).
Hora de finalización: 9:54:00 (hora militar)
Tipo de solicitud: Actualización de libretas (código de operación: A).
--------------------------------------------------------
Cedula del cliente: 237819222.
Nombre del cliente: Prueba uno.
Estado de prioridad: NO PRIORITARIO.
Hora de inicio de transacción: 9:44:00 (hora militar).
Hora de finalización: 9:49:00 (hora militar)
Tipo de solicitud: Actualización de libretas (código de operación: A).
--------------------------------------------------------
Cedula del cliente: 237819222.
Nombre del cliente: Prueba uno.
Estado de prioridad: NO PRIORITARIO.
Hora de inicio de transacción: 9:39:00 (hora militar).
Hora de finalización: 9:44:00 (hora militar)
Tipo de solicitud: Actualización de libretas (código de operación: A).
--------------------------------------------------------
Cedula del cliente: 237819222.
Nombre del cliente: Prueba uno.
Estado de prioridad: NO PRIORITARIO.
Hora de inicio de transacción: 9:34:00 (hora militar).
Hora de finalización: 9:39:00 (hora militar)
Tipo de solicitud: Actualización de libretas (código de operación: A).
--------------------------------------------------------
Cedula del cliente: 237819222.
Nombre del cliente: Prueba uno.
Estado de prioridad: NO PRIORITARIO.
Hora de inicio de transacción: 9:29:00 (hora militar).
Hora de finalización: 9:34:00 (hora militar)
Tipo de solicitud: Actualización de libretas (código de operación: A).
--------------------------------------------------------
Cedula del cliente: 27361555.
Nombre del cliente: E Gadd.
Estado de prioridad: PRIORITARIO.
Razon de prioridad: Tercera edad
Hora de inicio de transacción: 9:26:00 (hora militar).
Hora de finalización: 9:29:00 (hora militar)
Tipo de solicitud: Depósito (código de operación: D).
--------------------------------------------------------
Cedula del cliente: 27361555.
Nombre del cliente: E Gadd.
Estado de prioridad: PRIORITARIO.
Razon de prioridad: Tercera edad
Hora de inicio de transacción: 9:24:00 (hora militar).
Hora de finalización: 9:26:00 (hora militar)
Tipo de solicitud: Pago de servicios (código de operación: P).
--------------------------------------------------------
Cedula del cliente: 27361555.
Nombre del cliente: E Gadd.
Estado de prioridad: PRIORITARIO.
Razon de prioridad: Tercera edad
Hora de inicio de transacción: 9:20:00 (hora militar).
Hora de finalización: 9:24:00 (hora militar)
Tipo de solicitud: Retiro (código de operación: R).
--------------------------------------------------------
Cedula del cliente: 237819222.
Nombre del cliente: Prueba uno.
Estado de prioridad: NO PRIORITARIO.
Hora de inicio de transacción: 9:15:00 (hora militar).
Hora de finalización: 9:20:00 (hora militar)
Tipo de solicitud: Actualización de libretas (código de operación: A).
--------------------------------------------------------
Cedula del cliente: 237819222.
Nombre del cliente: Prueba uno.
Estado de prioridad: NO PRIORITARIO.
Hora de inicio de transacción: 9:10:00 (hora militar).
Hora de finalización: 9:15:00 (hora militar)
Tipo de solicitud: Actualización de libretas (código de operación: A).
--------------------------------------------------------
Cedula del cliente: 237819222.
Nombre del cliente: Prueba uno.
Estado de prioridad: NO PRIORITARIO.
Hora de inicio de transacción: 9:05:00 (hora militar).
Hora de finalización: 9:10:00 (hora militar)
Tipo de solicitud: Actualización de libretas (código de operación: A).
--------------------------------------------------------
Cedula del cliente: 237819222.
Nombre del cliente: Prueba uno.
Estado de prioridad: NO PRIORITARIO.
Hora de inicio de transacción: 9:00:00 (hora militar).
Hora de finalización: 9:05:00 (hora militar)
Tipo de solicitud: Actualización de libretas (código de operación: A).
--------------------------------------------------------
Cedula del cliente: 237819222.
Nombre del cliente: Prueba uno.
Estado de prioridad: NO PRIORITARIO.
Hora de inicio de transacción: 8:55:00 (hora militar).
Hora de finalización: 9:00:00 (hora militar)
Tipo de solicitud: Actualización de libretas (código de operación: A).
--------------------------------------------------------
Cedula del cliente: 237819222.
Nombre del cliente: Prueba uno.
Estado de prioridad: NO PRIORITARIO.
Hora de inicio de transacción: 8:50:00 (hora militar).
Hora de finalización: 8:55:00 (hora militar)
Tipo de solicitud: Actualización de libretas (código de operación: A).
--------------------------------------------------------
Cedula del cliente: 237819222.
Nombre del cliente: Prueba uno.
Estado de prioridad: NO PRIORITARIO.
Hora de inicio de transacción: 8:45:00 (hora militar).
Hora de finalización: 8:50:00 (hora militar)
Tipo de solicitud: Actualización de libretas (código de operación: A).
--------------------------------------------------------
Cedula del cliente: 237819222.
Nombre del cliente: Prueba uno.
Estado de prioridad: NO PRIORITARIO.
Hora de inicio de transacción: 8:40:00 (hora militar).
Hora de finalización: 8:45:00 (hora militar)
Tipo de solicitud: Actualización de libretas (código de operación: A).
--------------------------------------------------------
Cedula del cliente: 237819222.
Nombre del cliente: Prueba uno.
Estado de prioridad: NO PRIORITARIO.
Hora de inicio de transacción: 8:35:00 (hora militar).
Hora de finalización: 8:40:00 (hora militar)
Tipo de solicitud: Actualización de libretas (código de operación: A).
--------------------------------------------------------
Cedula del cliente: 237819222.
Nombre del cliente: Prueba uno.
Estado de prioridad: NO PRIORITARIO.
Hora de inicio de transacción: 8:30:00 (hora militar).
Hora de finalización: 8:35:00 (hora militar)
Tipo de solicitud: Actualización de libretas (código de operación: A).
--------------------------------------------------------
Cedula del cliente: 237819222.
Nombre del cliente: Prueba uno.
Estado de prioridad: NO PRIORITARIO.
Hora de inicio de transacción: 8:25:00 (hora militar).
Hora de finalización: 8:30:00 (hora militar)
Tipo de solicitud: Actualización de libretas (código de operación: A).
--------------------------------------------------------
Cedula del cliente: 237819222.
Nombre del cliente: Prueba uno.
Estado de prioridad: NO PRIORITARIO.
Hora de inicio de transacción: 8:20:00 (hora militar).
Hora de finalización: 8:25:00 (hora militar)
Tipo de solicitud: Actualización de libretas (código de operación: A).
--------------------------------------------------------
Cedula del cliente: 237819222.
Nombre del cliente: Prueba uno.
Estado de prioridad: NO PRIORITARIO.
Hora de inicio de transacción: 8:15:00 (hora militar).
Hora de finalización: 8:20:00 (hora militar)
Tipo de solicitud: Actualización de libretas (código de operación: A).
--------------------------------------------------------
Cedula del cliente: 237819222.
Nombre del cliente: Prueba uno.
Estado de prioridad: NO PRIORITARIO.
Hora de inicio de transacción: 8:10:00 (hora militar).
Hora de finalización: 8:15:00 (hora militar)
Tipo de solicitud: Actualización de libretas (código de operación: A).
--------------------------------------------------------
Cedula del cliente: 237819222.
Nombre del cliente: Prueba uno.
Estado de prioridad: NO PRIORITARIO.
Hora de inicio de transacción: 8:05:00 (hora militar).
Hora de finalización: 8:10:00 (hora militar)
Tipo de solicitud: Actualización de libretas (código de operación: A).
--------------------------------------------------------
Cedula del cliente: 237819222.
Nombre del cliente: Prueba uno.
Estado de prioridad: NO PRIORITARIO.
Hora de inicio de transacción: 8:00:00 (hora militar).
Hora de finalización: 8:05:00 (hora militar)
Tipo de solicitud: Actualización de libretas (código de operación: A).